  create shapes.cpp
C:\Users\drago\source\repos\simple physics system\simple physics system\physics.hpp(111,15): warning C4244: 'initializing': conversion from 'float' to 'int', possible loss of data
C:\Users\drago\source\repos\simple physics system\simple physics system\physics.hpp(111,23): warning C4244: 'initializing': conversion from 'float' to 'int', possible loss of data
C:\Users\drago\source\repos\simple physics system\simple physics system\physics.hpp(146,23): warning C4244: 'argument': conversion from 'int' to 'float', possible loss of data
C:\Users\drago\source\repos\simple physics system\simple physics system\physics.hpp(150,18): warning C4244: 'return': conversion from 'int' to 'float', possible loss of data
C:\Users\drago\source\repos\simple physics system\simple physics system\physics.hpp(155,12): warning C4244: 'argument': conversion from 'float' to 'int', possible loss of data
C:\Users\drago\source\repos\simple physics system\simple physics system\create shapes.hpp(20,21): warning C4018: '<': signed/unsigned mismatch
C:\Users\drago\source\repos\simple physics system\simple physics system\physics.hpp(76,13): warning C4244: '=': conversion from 'T' to 'int', possible loss of data
          with
          [
              T=float
          ]
C:\Users\drago\source\repos\simple physics system\simple physics system\physics.hpp(75,14): message : while compiling class template member function 'void Vector2<float>::IntoRectWH(SDL_Rect *)'
C:\Users\drago\source\repos\simple physics system\simple physics system\physics.hpp(178,18): message : see the first reference to 'Vector2<float>::IntoRectWH' in 'Entity::Entity'
C:\Users\drago\source\repos\simple physics system\simple physics system\physics.hpp(110): message : see reference to class template instantiation 'Vector2<float>' being compiled
C:\Users\drago\source\repos\simple physics system\simple physics system\physics.hpp(77,13): warning C4244: '=': conversion from 'T' to 'int', possible loss of data
          with
          [
              T=float
          ]
C:\Users\drago\source\repos\simple physics system\simple physics system\physics.hpp(72,13): warning C4244: '=': conversion from 'T' to 'int', possible loss of data
          with
          [
              T=float
          ]
C:\Users\drago\source\repos\simple physics system\simple physics system\physics.hpp(71,14): message : while compiling class template member function 'void Vector2<float>::IntoRectXY(SDL_Rect *)'
C:\Users\drago\source\repos\simple physics system\simple physics system\physics.hpp(177,22): message : see the first reference to 'Vector2<float>::IntoRectXY' in 'Entity::Entity'
C:\Users\drago\source\repos\simple physics system\simple physics system\physics.hpp(73,13): warning C4244: '=': conversion from 'T' to 'int', possible loss of data
          with
          [
              T=float
          ]
  physics.cpp
C:\Users\drago\source\repos\simple physics system\simple physics system\physics.hpp(111,15): warning C4244: 'initializing': conversion from 'float' to 'int', possible loss of data
C:\Users\drago\source\repos\simple physics system\simple physics system\physics.hpp(111,23): warning C4244: 'initializing': conversion from 'float' to 'int', possible loss of data
C:\Users\drago\source\repos\simple physics system\simple physics system\physics.hpp(146,23): warning C4244: 'argument': conversion from 'int' to 'float', possible loss of data
C:\Users\drago\source\repos\simple physics system\simple physics system\physics.hpp(150,18): warning C4244: 'return': conversion from 'int' to 'float', possible loss of data
C:\Users\drago\source\repos\simple physics system\simple physics system\physics.hpp(155,12): warning C4244: 'argument': conversion from 'float' to 'int', possible loss of data
C:\Users\drago\source\repos\simple physics system\simple physics system\physics.hpp(76,13): warning C4244: '=': conversion from 'T' to 'int', possible loss of data
          with
          [
              T=float
          ]
C:\Users\drago\source\repos\simple physics system\simple physics system\physics.hpp(75,14): message : while compiling class template member function 'void Vector2<float>::IntoRectWH(SDL_Rect *)'
C:\Users\drago\source\repos\simple physics system\simple physics system\physics.hpp(178,18): message : see the first reference to 'Vector2<float>::IntoRectWH' in 'Entity::Entity'
C:\Users\drago\source\repos\simple physics system\simple physics system\physics.hpp(110): message : see reference to class template instantiation 'Vector2<float>' being compiled
C:\Users\drago\source\repos\simple physics system\simple physics system\physics.hpp(77,13): warning C4244: '=': conversion from 'T' to 'int', possible loss of data
          with
          [
              T=float
          ]
C:\Users\drago\source\repos\simple physics system\simple physics system\physics.hpp(72,13): warning C4244: '=': conversion from 'T' to 'int', possible loss of data
          with
          [
              T=float
          ]
C:\Users\drago\source\repos\simple physics system\simple physics system\physics.hpp(71,14): message : while compiling class template member function 'void Vector2<float>::IntoRectXY(SDL_Rect *)'
C:\Users\drago\source\repos\simple physics system\simple physics system\physics.hpp(177,22): message : see the first reference to 'Vector2<float>::IntoRectXY' in 'Entity::Entity'
C:\Users\drago\source\repos\simple physics system\simple physics system\physics.hpp(73,13): warning C4244: '=': conversion from 'T' to 'int', possible loss of data
          with
          [
              T=float
          ]
  Generating code
  13 of 299 functions ( 4.3%) were compiled, the rest were copied from previous compilation.
    0 functions were new in current compilation
    2 functions had inline decision re-evaluated but remain unchanged
  Finished generating code
  simple physics system.vcxproj -> C:\Users\drago\source\repos\simple physics system\x64\Release\simple physics system.exe
