c:\users\drago\source\repos\top-down-wave-game\simple physics system\x64\release\vc143.pdb
c:\users\drago\source\repos\top-down-wave-game\simple physics system\x64\release\winmgr.obj
c:\users\drago\source\repos\top-down-wave-game\simple physics system\x64\release\main.obj
c:\users\drago\source\repos\top-down-wave-game\simple physics system\x64\release\textures.obj
c:\users\drago\source\repos\top-down-wave-game\simple physics system\x64\release\player.obj
c:\users\drago\source\repos\top-down-wave-game\simple physics system\x64\release\bob.obj
c:\users\drago\source\repos\top-down-wave-game\simple physics system\x64\release\multicast delegates.obj
c:\users\drago\source\repos\top-down-wave-game\simple physics system\x64\release\item.obj
c:\users\drago\source\repos\top-down-wave-game\simple physics system\x64\release\enemyspawner.obj
c:\users\drago\source\repos\top-down-wave-game\simple physics system\x64\release\enemy.obj
c:\users\drago\source\repos\top-down-wave-game\simple physics system\x64\release\crystal.obj
c:\users\drago\source\repos\top-down-wave-game\simple physics system\x64\release\create shapes.obj
c:\users\drago\source\repos\top-down-wave-game\simple physics system\x64\release\camera.obj
c:\users\drago\source\repos\top-down-wave-game\simple physics system\x64\release\animations.obj
c:\users\drago\source\repos\top-down-wave-game\simple physics system\x64\release\math.obj
c:\users\drago\source\repos\top-down-wave-game\simple physics system\x64\release\simple p.2ad2bfdc.tlog\cl.command.1.tlog
c:\users\drago\source\repos\top-down-wave-game\simple physics system\x64\release\simple p.2ad2bfdc.tlog\cl.read.1.tlog
c:\users\drago\source\repos\top-down-wave-game\simple physics system\x64\release\simple p.2ad2bfdc.tlog\cl.write.1.tlog
c:\users\drago\source\repos\top-down-wave-game\simple physics system\x64\release\simple p.2ad2bfdc.tlog\masm.read.1u.tlog
c:\users\drago\source\repos\top-down-wave-game\simple physics system\x64\release\simple p.2ad2bfdc.tlog\masm.write.1u.tlog
