  Item.cpp
C:\Users\drago\source\repos\top-down-wave-game\simple physics system\main.hpp(343,16): warning C4091: 'typedef ': ignored on left of 'AABB' when no variable is declared
  (compiling source file 'Item.cpp')
  
C:\Users\drago\source\repos\top-down-wave-game\simple physics system\main.hpp(351,14): warning C4091: 'static ': ignored on left of 'Main::Layer' when no variable is declared
  (compiling source file 'Item.cpp')
  
C:\Users\drago\source\repos\top-down-wave-game\simple physics system\main.hpp(377,14): warning C4091: 'static ': ignored on left of 'Main::direction' when no variable is declared
  (compiling source file 'Item.cpp')
  
C:\Users\drago\source\repos\top-down-wave-game\simple physics system\main.hpp(385,14): warning C4091: 'static ': ignored on left of 'Main::Tag' when no variable is declared
  (compiling source file 'Item.cpp')
  
C:\Users\drago\source\repos\top-down-wave-game\simple physics system\main.hpp(520,51): warning C4114: same type qualifier used more than once
  (compiling source file 'Item.cpp')
  
C:\Users\drago\source\repos\top-down-wave-game\simple physics system\main.hpp(523,14): warning C4091: 'static ': ignored on left of 'Main::inpDirection' when no variable is declared
  (compiling source file 'Item.cpp')
  
C:\Users\drago\source\repos\top-down-wave-game\simple physics system\physics.hpp(238,15): warning C4244: 'initializing': conversion from 'float' to 'int', possible loss of data
  (compiling source file 'Item.cpp')
  
C:\Users\drago\source\repos\top-down-wave-game\simple physics system\physics.hpp(238,23): warning C4244: 'initializing': conversion from 'float' to 'int', possible loss of data
  (compiling source file 'Item.cpp')
  
C:\Users\drago\source\repos\top-down-wave-game\simple physics system\physics.hpp(305,23): warning C4244: 'argument': conversion from 'int' to 'float', possible loss of data
  (compiling source file 'Item.cpp')
  
C:\Users\drago\source\repos\top-down-wave-game\simple physics system\physics.hpp(309,18): warning C4244: 'return': conversion from 'int' to 'float', possible loss of data
  (compiling source file 'Item.cpp')
  
C:\Users\drago\source\repos\top-down-wave-game\simple physics system\physics.hpp(314,12): warning C4244: 'argument': conversion from 'float' to 'int', possible loss of data
  (compiling source file 'Item.cpp')
  
C:\Users\drago\source\repos\top-down-wave-game\simple physics system\physics.hpp(593,15): warning C4099: 'RigidBody': type name first seen using 'struct' now seen using 'class'
  (compiling source file 'Item.cpp')
      C:\Users\drago\source\repos\top-down-wave-game\simple physics system\usefulTypedefs.hpp(8,8):
      see declaration of 'RigidBody'
  
C:\Users\drago\source\repos\top-down-wave-game\simple physics system\physics.hpp(465,3): warning C5033: 'register' is no longer a supported storage class
  (compiling source file 'Item.cpp')
  
C:\Users\drago\source\repos\top-down-wave-game\simple physics system\physics.hpp(472,5): warning C5033: 'register' is no longer a supported storage class
  (compiling source file 'Item.cpp')
  
C:\Users\drago\source\repos\top-down-wave-game\simple physics system\physics.hpp(499,7): warning C4101: 'j': unreferenced local variable
  (compiling source file 'Item.cpp')
  
C:\Users\drago\source\repos\top-down-wave-game\simple physics system\physics.hpp(595,16): warning C4091: 'typedef ': ignored on left of 'AABB' when no variable is declared
  (compiling source file 'Item.cpp')
  
C:\Users\drago\source\repos\top-down-wave-game\simple physics system\physics.hpp(622,15): warning C4091: 'typedef ': ignored on left of 'QuadNode<T>::TypeOfNode' when no variable is declared
  (compiling source file 'Item.cpp')
      C:\Users\drago\source\repos\top-down-wave-game\simple physics system\physics.hpp(622,15):
      the template instantiation context (the oldest one first) is
          C:\Users\drago\source\repos\top-down-wave-game\simple physics system\physics.hpp(617,8):
          while compiling class template 'QuadNode'
  
C:\Users\drago\source\repos\top-down-wave-game\simple physics system\physics.hpp(710,146): warning C4267: 'initializing': conversion from 'size_t' to 'const uint', possible loss of data
  (compiling source file 'Item.cpp')
  
C:\Users\drago\source\repos\top-down-wave-game\simple physics system\physics.hpp(789,19): warning C4244: '=': conversion from 'double' to 'float', possible loss of data
  (compiling source file 'Item.cpp')
  
C:\Users\drago\source\repos\top-down-wave-game\simple physics system\physics.hpp(1065,102): warning C4305: 'initializing': truncation from 'double' to 'const float'
  (compiling source file 'Item.cpp')
  
C:\Users\drago\source\repos\top-down-wave-game\simple physics system\player.hpp(83,14): warning C4091: 'static ': ignored on left of 'Player::PlrAnim' when no variable is declared
  (compiling source file 'Item.cpp')
  
C:\Users\drago\source\repos\top-down-wave-game\simple physics system\player.hpp(61,43): warning C4244: 'argument': conversion from 'double' to 'float', possible loss of data
  (compiling source file 'Item.cpp')
  
C:\Users\drago\source\repos\top-down-wave-game\simple physics system\player.hpp(61,72): warning C4244: 'argument': conversion from 'double' to 'float', possible loss of data
  (compiling source file 'Item.cpp')
  
C:\Users\drago\source\repos\top-down-wave-game\simple physics system\player.hpp(65,24): warning C4244: 'argument': conversion from 'double' to 'float', possible loss of data
  (compiling source file 'Item.cpp')
  
C:\Users\drago\source\repos\top-down-wave-game\simple physics system\player.hpp(65,42): warning C4244: 'argument': conversion from 'double' to 'float', possible loss of data
  (compiling source file 'Item.cpp')
  
C:\Users\drago\source\repos\top-down-wave-game\simple physics system\physics.hpp(144,13): warning C4244: '=': conversion from 'T' to 'int', possible loss of data
C:\Users\drago\source\repos\top-down-wave-game\simple physics system\physics.hpp(144,13): warning C4244:         with
C:\Users\drago\source\repos\top-down-wave-game\simple physics system\physics.hpp(144,13): warning C4244:         [
C:\Users\drago\source\repos\top-down-wave-game\simple physics system\physics.hpp(144,13): warning C4244:             T=float
C:\Users\drago\source\repos\top-down-wave-game\simple physics system\physics.hpp(144,13): warning C4244:         ]
  (compiling source file 'Item.cpp')
      C:\Users\drago\source\repos\top-down-wave-game\simple physics system\physics.hpp(144,13):
      the template instantiation context (the oldest one first) is
          C:\Users\drago\source\repos\top-down-wave-game\simple physics system\physics.hpp(29,8):
          while compiling class template 'Vector2'
          C:\Users\drago\source\repos\top-down-wave-game\simple physics system\physics.hpp(73,23):
          see reference to class template instantiation 'Vector2<float>' being compiled
          C:\Users\drago\source\repos\top-down-wave-game\simple physics system\physics.hpp(143,14):
          while compiling class template member function 'void Vector2<float>::IntoRectXY(SDL_Rect *)'
              C:\Users\drago\source\repos\top-down-wave-game\simple physics system\physics.hpp(464,28):
              see the first reference to 'Vector2<float>::IntoRectXY' in 'Entity::Entity'
  
C:\Users\drago\source\repos\top-down-wave-game\simple physics system\physics.hpp(145,13): warning C4244: '=': conversion from 'T' to 'int', possible loss of data
C:\Users\drago\source\repos\top-down-wave-game\simple physics system\physics.hpp(145,13): warning C4244:         with
C:\Users\drago\source\repos\top-down-wave-game\simple physics system\physics.hpp(145,13): warning C4244:         [
C:\Users\drago\source\repos\top-down-wave-game\simple physics system\physics.hpp(145,13): warning C4244:             T=float
C:\Users\drago\source\repos\top-down-wave-game\simple physics system\physics.hpp(145,13): warning C4244:         ]
  (compiling source file 'Item.cpp')
  
  Generating code
  10 of 1717 functions ( 0.6%) were compiled, the rest were copied from previous compilation.
    1 functions were new in current compilation
    5 functions had inline decision re-evaluated but remain unchanged
  Finished generating code
  simple physics system.vcxproj -> C:\Users\drago\source\repos\top-down-wave-game\x64\Release\simple physics system.exe
