c:\users\drago\source\repos\top-down-wave-game\simple physics system\x64\debug\vc143.pdb
c:\users\drago\source\repos\top-down-wave-game\simple physics system\x64\debug\vc143.idb
c:\users\drago\source\repos\top-down-wave-game\simple physics system\x64\debug\winmgr.obj
c:\users\drago\source\repos\top-down-wave-game\simple physics system\x64\debug\main.obj
c:\users\drago\source\repos\top-down-wave-game\simple physics system\x64\debug\textures.obj
c:\users\drago\source\repos\top-down-wave-game\simple physics system\x64\debug\physics.obj
c:\users\drago\source\repos\top-down-wave-game\simple physics system\x64\debug\player.obj
c:\users\drago\source\repos\top-down-wave-game\simple physics system\x64\debug\multicast delegates.obj
c:\users\drago\source\repos\top-down-wave-game\simple physics system\x64\debug\linkedlist.obj
c:\users\drago\source\repos\top-down-wave-game\simple physics system\x64\debug\create shapes.obj
c:\users\drago\source\repos\top-down-wave-game\simple physics system\x64\debug\simple physics system.ilk
c:\users\drago\source\repos\top-down-wave-game\x64\debug\simple physics system.pdb
c:\users\drago\source\repos\top-down-wave-game\simple physics system\x64\debug\simple p.2ad2bfdc.tlog\cl.command.1.tlog
c:\users\drago\source\repos\top-down-wave-game\simple physics system\x64\debug\simple p.2ad2bfdc.tlog\cl.items.tlog
c:\users\drago\source\repos\top-down-wave-game\simple physics system\x64\debug\simple p.2ad2bfdc.tlog\cl.read.1.tlog
c:\users\drago\source\repos\top-down-wave-game\simple physics system\x64\debug\simple p.2ad2bfdc.tlog\cl.write.1.tlog
c:\users\drago\source\repos\top-down-wave-game\simple physics system\x64\debug\simple p.2ad2bfdc.tlog\link.17060-cvtres.read.1.tlog
c:\users\drago\source\repos\top-down-wave-game\simple physics system\x64\debug\simple p.2ad2bfdc.tlog\link.17060-cvtres.write.1.tlog
c:\users\drago\source\repos\top-down-wave-game\simple physics system\x64\debug\simple p.2ad2bfdc.tlog\link.17060-rc.read.1.tlog
c:\users\drago\source\repos\top-down-wave-game\simple physics system\x64\debug\simple p.2ad2bfdc.tlog\link.17060-rc.write.1.tlog
c:\users\drago\source\repos\top-down-wave-game\simple physics system\x64\debug\simple p.2ad2bfdc.tlog\link.17060.read.1.tlog
c:\users\drago\source\repos\top-down-wave-game\simple physics system\x64\debug\simple p.2ad2bfdc.tlog\link.17060.read.2.tlog
c:\users\drago\source\repos\top-down-wave-game\simple physics system\x64\debug\simple p.2ad2bfdc.tlog\link.17060.read.3.tlog
c:\users\drago\source\repos\top-down-wave-game\simple physics system\x64\debug\simple p.2ad2bfdc.tlog\link.17060.read.4.tlog
c:\users\drago\source\repos\top-down-wave-game\simple physics system\x64\debug\simple p.2ad2bfdc.tlog\link.17060.read.5.tlog
c:\users\drago\source\repos\top-down-wave-game\simple physics system\x64\debug\simple p.2ad2bfdc.tlog\link.17060.write.1.tlog
c:\users\drago\source\repos\top-down-wave-game\simple physics system\x64\debug\simple p.2ad2bfdc.tlog\link.command.1.tlog
c:\users\drago\source\repos\top-down-wave-game\simple physics system\x64\debug\simple p.2ad2bfdc.tlog\link.read.1.tlog
c:\users\drago\source\repos\top-down-wave-game\simple physics system\x64\debug\simple p.2ad2bfdc.tlog\link.secondary.1.tlog
c:\users\drago\source\repos\top-down-wave-game\simple physics system\x64\debug\simple p.2ad2bfdc.tlog\link.write.1.tlog
